Using pre-set license
Built from '2020.3/staging' branch; Version is '2020.3.0f1 (c7b5465681fb) revision 13088070'; Using compiler version '192528614'; Build Type 'Release'
OS: 'Windows 8.1  (6.3.0) 64bit' Language: 'pt' Physical Memory: 8072 MB
BatchMode: 1, IsHumanControllingUs: 0, StartBugReporterOnCrash: 0, Is64bit: 1, IsPro: 0

 COMMAND LINE ARGUMENTS:
C:\Program Files\Unity\Hub\Editor\2020.3.0f1\Editor\Unity.exe
-adb2
-batchMode
-noUpm
-name
AssetImportWorker0
-projectPath
C:/Users/Rafael/Documents/GitHub/Pygocentrus attack
-logFile
Logs/AssetImportWorker0.log
-srvPort
55043
Successfully changed project path to: C:/Users/Rafael/Documents/GitHub/Pygocentrus attack
C:/Users/Rafael/Documents/GitHub/Pygocentrus attack
Using Asset Import Pipeline V2.
Refreshing native plugins compatible for Editor in 166.45 ms, found 1 plugins.
Preloading 0 native plugins for Editor in 0.00 ms.
Initialize engine version: 2020.3.0f1 (c7b5465681fb)
[Subsystems] Discovering subsystems at path C:/Program Files/Unity/Hub/Editor/2020.3.0f1/Editor/Data/Resources/UnitySubsystems
[Subsystems] Discovering subsystems at path C:/Users/Rafael/Documents/GitHub/Pygocentrus attack/Assets
GfxDevice: creating device client; threaded=0
d3d11: QueryInterface(IDXGIFactory5) failed (80004002).
Direct3D:
    Version:  Direct3D 11.0 [level 11.1]
    Renderer: Intel(R) HD Graphics Family (ID=0xa16)
    Vendor:   
    VRAM:     1760 MB
    Driver:   10.18.10.3383
Initialize mono
Mono path[0] = 'C:/Program Files/Unity/Hub/Editor/2020.3.0f1/Editor/Data/Managed'
Mono path[1] = 'C:/Program Files/Unity/Hub/Editor/2020.3.0f1/Editor/Data/MonoBleedingEdge/lib/mono/unityjit'
Mono config path = 'C:/Program Files/Unity/Hub/Editor/2020.3.0f1/Editor/Data/MonoBleedingEdge/etc'
Using monoOptions --debugger-agent=transport=dt_socket,embedding=1,server=y,suspend=n,address=127.0.0.1:56460
Begin MonoManager ReloadAssembly
Registering precompiled unity dll's ...
Register platform support module: C:/Program Files/Unity/Hub/Editor/2020.3.0f1/Editor/Data/PlaybackEngines/WebGLSupport/UnityEditor.WebGL.Extensions.dll
Register platform support module: C:/Program Files/Unity/Hub/Editor/2020.3.0f1/Editor/Data/PlaybackEngines/WindowsStandaloneSupport/UnityEditor.WindowsStandalone.Extensions.dll
Registered in 0.003816 seconds.
Native extension for WindowsStandalone target not found
Native extension for WebGL target not found
Refreshing native plugins compatible for Editor in 118.63 ms, found 1 plugins.
Preloading 0 native plugins for Editor in 0.00 ms.
Invoked RoslynAnalysisRunner static constructor.
RoslynAnalysisRunner will not be running.
RoslynAnalysisRunner has terminated.
Mono: successfully reloaded assembly
- Completed reload, in  3.352 seconds
Platform modules already initialized, skipping
Registering precompiled user dll's ...
Registered in 0.002668 seconds.
Begin MonoManager ReloadAssembly
Native extension for WindowsStandalone target not found
Native extension for WebGL target not found
Refreshing native plugins compatible for Editor in 110.75 ms, found 1 plugins.
Preloading 0 native plugins for Editor in 0.00 ms.
Invoked RoslynAnalysisRunner static constructor.
RoslynAnalysisRunner will not be running.
RoslynAnalysisRunner has terminated.
Mono: successfully reloaded assembly
- Completed reload, in  3.295 seconds
Platform modules already initialized, skipping
========================================================================
Worker process is ready to serve import requests
Launched and connected shader compiler UnityShaderCompiler.exe after 0.08 seconds
Refreshing native plugins compatible for Editor in 1.39 ms, found 1 plugins.
Preloading 0 native plugins for Editor in 0.00 ms.
Unloading 1807 Unused Serialized files (Serialized files now loaded: 0)
System memory in use before: 84.6 MB.
System memory in use after: 84.6 MB.

Unloading 24 unused Assets to reduce memory usage. Loaded Objects now: 2250.
Total: 5.799848 ms (FindLiveObjects: 0.557661 ms CreateObjectMapping: 0.239486 ms MarkObjects: 4.581461 ms  DeleteObjects: 0.416535 ms)

========================================================================
Received Import Request.
  path: Assets/Background/BackgroundScroller.cs
  artifactKey: Guid(eb7c02c2a55f2dd43a8ad2804b4f361a) Importer(815301076,1909f56bfc062723c751e8b465ee728b)
Start importing Assets/Background/BackgroundScroller.cs using Guid(eb7c02c2a55f2dd43a8ad2804b4f361a) Importer(815301076,1909f56bfc062723c751e8b465ee728b)  -> (artifact id: '3d6d47f8fdd6bd084c0221b36166202d') in 0.201012 seconds
  Import took 0.229381 seconds .

========================================================================
Received Import Request.
  Time since last request: 0.000865 seconds.
  path: Assets/Background/Materials/Background (1).mat
  artifactKey: Guid(abd97cae38da57342850aaed2d731082) Importer(815301076,1909f56bfc062723c751e8b465ee728b)
Start importing Assets/Background/Materials/Background (1).mat using Guid(abd97cae38da57342850aaed2d731082) Importer(815301076,1909f56bfc062723c751e8b465ee728b)  -> (artifact id: 'dd23ff48e266adc7fef551008f374e2c') in 0.772699 seconds
  Import took 0.803586 seconds .

========================================================================
Received Import Request.
  Time since last request: 0.000458 seconds.
  path: Assets/Background/Materials/background tras ceu.mat
  artifactKey: Guid(91b0fb62b7bc68a4abdafe5aa40c4c09) Importer(815301076,1909f56bfc062723c751e8b465ee728b)
Start importing Assets/Background/Materials/background tras ceu.mat using Guid(91b0fb62b7bc68a4abdafe5aa40c4c09) Importer(815301076,1909f56bfc062723c751e8b465ee728b)  -> (artifact id: 'b9ae0eedc4e47fc2202f840b0c900e16') in 0.509025 seconds
  Import took 0.545683 seconds .

========================================================================
Received Import Request.
  Time since last request: 0.000411 seconds.
  path: Assets/Background/Materials/Background.mat
  artifactKey: Guid(d02d4ff954340d94e99853a5a4ac2bb0) Importer(815301076,1909f56bfc062723c751e8b465ee728b)
Start importing Assets/Background/Materials/Background.mat using Guid(d02d4ff954340d94e99853a5a4ac2bb0) Importer(815301076,1909f56bfc062723c751e8b465ee728b)  -> (artifact id: '64829b4594f15dae179cb048d0a820bd') in 0.595806 seconds
  Import took 0.618474 seconds .

========================================================================
Received Prepare
Refreshing native plugins compatible for Editor in 98.09 ms, found 1 plugins.
Preloading 0 native plugins for Editor in 0.00 ms.
Unloading 10 Unused Serialized files (Serialized files now loaded: 0)
System memory in use before: 52.4 MB.
System memory in use after: 52.4 MB.

Unloading 10 unused Assets to reduce memory usage. Loaded Objects now: 2290.
Total: 6.495642 ms (FindLiveObjects: 0.313471 ms CreateObjectMapping: 0.142409 ms MarkObjects: 5.831922 ms  DeleteObjects: 0.204846 ms)

========================================================================
Received Prepare
Registering precompiled user dll's ...
Registered in 0.002468 seconds.
Begin MonoManager ReloadAssembly
Native extension for WindowsStandalone target not found
Native extension for WebGL target not found
Refreshing native plugins compatible for Editor in 1.28 ms, found 1 plugins.
Preloading 0 native plugins for Editor in 0.00 ms.
Invoked RoslynAnalysisRunner static constructor.
RoslynAnalysisRunner will not be running.
RoslynAnalysisRunner has terminated.
Mono: successfully reloaded assembly
- Completed reload, in  2.330 seconds
Platform modules already initialized, skipping
Refreshing native plugins compatible for Editor in 22.29 ms, found 1 plugins.
Preloading 0 native plugins for Editor in 0.00 ms.
Unloading 1802 Unused Serialized files (Serialized files now loaded: 0)
System memory in use before: 87.9 MB.
System memory in use after: 87.9 MB.

Unloading 12 unused Assets to reduce memory usage. Loaded Objects now: 2294.
Total: 5.279821 ms (FindLiveObjects: 0.743263 ms CreateObjectMapping: 0.204419 ms MarkObjects: 4.093080 ms  DeleteObjects: 0.235638 ms)

AssetImportWorkerClient::OnTransportError - code=2 error=End of file
