Using pre-set license
Built from '2020.3/staging' branch; Version is '2020.3.0f1 (c7b5465681fb) revision 13088070'; Using compiler version '192528614'; Build Type 'Release'
OS: 'Windows 8.1  (6.3.0) 64bit' Language: 'pt' Physical Memory: 8072 MB
BatchMode: 1, IsHumanControllingUs: 0, StartBugReporterOnCrash: 0, Is64bit: 1, IsPro: 0

 COMMAND LINE ARGUMENTS:
C:\Program Files\Unity\Hub\Editor\2020.3.0f1\Editor\Unity.exe
-adb2
-batchMode
-noUpm
-name
AssetImportWorker0
-projectPath
C:/Users/Rafael/Documents/GitHub/Pygocentrus attack
-logFile
Logs/AssetImportWorker0.log
-srvPort
49939
Successfully changed project path to: C:/Users/Rafael/Documents/GitHub/Pygocentrus attack
C:/Users/Rafael/Documents/GitHub/Pygocentrus attack
Using Asset Import Pipeline V2.
Refreshing native plugins compatible for Editor in 65.97 ms, found 1 plugins.
Preloading 0 native plugins for Editor in 0.00 ms.
Initialize engine version: 2020.3.0f1 (c7b5465681fb)
[Subsystems] Discovering subsystems at path C:/Program Files/Unity/Hub/Editor/2020.3.0f1/Editor/Data/Resources/UnitySubsystems
[Subsystems] Discovering subsystems at path C:/Users/Rafael/Documents/GitHub/Pygocentrus attack/Assets
GfxDevice: creating device client; threaded=0
d3d11: QueryInterface(IDXGIFactory5) failed (80004002).
Direct3D:
    Version:  Direct3D 11.0 [level 11.1]
    Renderer: Intel(R) HD Graphics Family (ID=0xa16)
    Vendor:   
    VRAM:     1760 MB
    Driver:   10.18.10.3383
Initialize mono
Mono path[0] = 'C:/Program Files/Unity/Hub/Editor/2020.3.0f1/Editor/Data/Managed'
Mono path[1] = 'C:/Program Files/Unity/Hub/Editor/2020.3.0f1/Editor/Data/MonoBleedingEdge/lib/mono/unityjit'
Mono config path = 'C:/Program Files/Unity/Hub/Editor/2020.3.0f1/Editor/Data/MonoBleedingEdge/etc'
Using monoOptions --debugger-agent=transport=dt_socket,embedding=1,server=y,suspend=n,address=127.0.0.1:56420
Begin MonoManager ReloadAssembly
Registering precompiled unity dll's ...
Register platform support module: C:/Program Files/Unity/Hub/Editor/2020.3.0f1/Editor/Data/PlaybackEngines/WebGLSupport/UnityEditor.WebGL.Extensions.dll
Register platform support module: C:/Program Files/Unity/Hub/Editor/2020.3.0f1/Editor/Data/PlaybackEngines/WindowsStandaloneSupport/UnityEditor.WindowsStandalone.Extensions.dll
Registered in 0.002619 seconds.
Native extension for WindowsStandalone target not found
Native extension for WebGL target not found
Refreshing native plugins compatible for Editor in 65.63 ms, found 1 plugins.
Preloading 0 native plugins for Editor in 0.00 ms.
Invoked RoslynAnalysisRunner static constructor.
RoslynAnalysisRunner will not be running.
RoslynAnalysisRunner has terminated.
Mono: successfully reloaded assembly
- Completed reload, in  1.973 seconds
Platform modules already initialized, skipping
Registering precompiled user dll's ...
Registered in 0.001119 seconds.
Begin MonoManager ReloadAssembly
Native extension for WindowsStandalone target not found
Native extension for WebGL target not found
Refreshing native plugins compatible for Editor in 71.08 ms, found 1 plugins.
Preloading 0 native plugins for Editor in 0.00 ms.
Invoked RoslynAnalysisRunner static constructor.
RoslynAnalysisRunner will not be running.
RoslynAnalysisRunner has terminated.
Mono: successfully reloaded assembly
- Completed reload, in  1.880 seconds
Platform modules already initialized, skipping
========================================================================
Worker process is ready to serve import requests
Launched and connected shader compiler UnityShaderCompiler.exe after 0.04 seconds
Refreshing native plugins compatible for Editor in 0.77 ms, found 1 plugins.
Preloading 0 native plugins for Editor in 0.00 ms.
Unloading 1682 Unused Serialized files (Serialized files now loaded: 0)
System memory in use before: 80.8 MB.
System memory in use after: 80.9 MB.

Unloading 15 unused Assets to reduce memory usage. Loaded Objects now: 2126.
Total: 3.031209 ms (FindLiveObjects: 0.400284 ms CreateObjectMapping: 0.103065 ms MarkObjects: 2.349529 ms  DeleteObjects: 0.175338 ms)

========================================================================
Received Import Request.
  path: Assets/Background/Homem.psd
  artifactKey: Guid(d1ee427607271024e9414fb9ac2e28e6) Importer(815301076,1909f56bfc062723c751e8b465ee728b)
Start importing Assets/Background/Homem.psd using Guid(d1ee427607271024e9414fb9ac2e28e6) Importer(815301076,1909f56bfc062723c751e8b465ee728b)  -> (artifact id: 'a660e1b4e5a39b5e78cd548ad7f9cb44') in 0.260700 seconds
  Import took 0.268660 seconds .

========================================================================
Received Import Request.
  Time since last request: 5.440337 seconds.
  path: Assets/Background/Materials/agua transparente.mat
  artifactKey: Guid(2fc54274989c6934fbb5b2915e0d9065) Importer(815301076,1909f56bfc062723c751e8b465ee728b)
Start importing Assets/Background/Materials/agua transparente.mat using Guid(2fc54274989c6934fbb5b2915e0d9065) Importer(815301076,1909f56bfc062723c751e8b465ee728b)  -> (artifact id: '516707a301c985184293a2a65bf304dc') in 0.211944 seconds
  Import took 0.220373 seconds .

========================================================================
Received Import Request.
  Time since last request: 0.000336 seconds.
  path: Assets/Background/Materials/Rio transparente.mat
  artifactKey: Guid(06145b6dc267c9f41ad62f31a38cd86a) Importer(815301076,1909f56bfc062723c751e8b465ee728b)
Start importing Assets/Background/Materials/Rio transparente.mat using Guid(06145b6dc267c9f41ad62f31a38cd86a) Importer(815301076,1909f56bfc062723c751e8b465ee728b)  -> (artifact id: '5bacd492157ddf5563993cd955526049') in 0.111286 seconds
  Import took 0.118729 seconds .

========================================================================
Received Import Request.
  Time since last request: 0.000347 seconds.
  path: Assets/Background/Materials/Background frente.mat
  artifactKey: Guid(b9c84bf088a3f4a4481f2ae6b824fd80) Importer(815301076,1909f56bfc062723c751e8b465ee728b)
Start importing Assets/Background/Materials/Background frente.mat using Guid(b9c84bf088a3f4a4481f2ae6b824fd80) Importer(815301076,1909f56bfc062723c751e8b465ee728b)  -> (artifact id: '6a8aa6b071d9e6819ec3812a42a0a768') in 0.472804 seconds
  Import took 0.483711 seconds .

========================================================================
Received Import Request.
  Time since last request: 0.000400 seconds.
  path: Assets/Background/Materials/Rio (1) (5).mat
  artifactKey: Guid(58c98368c403bec4b95f11f8a8e14210) Importer(815301076,1909f56bfc062723c751e8b465ee728b)
Start importing Assets/Background/Materials/Rio (1) (5).mat using Guid(58c98368c403bec4b95f11f8a8e14210) Importer(815301076,1909f56bfc062723c751e8b465ee728b)  -> (artifact id: '64649593396023cf1e8399797ab920ad') in 0.107288 seconds
  Import took 0.114343 seconds .

========================================================================
Received Import Request.
  Time since last request: 0.000277 seconds.
  path: Assets/Background/Materials/Rio (1) (4).mat
  artifactKey: Guid(25a452fa839592245b824055a5e39f3a) Importer(815301076,1909f56bfc062723c751e8b465ee728b)
Start importing Assets/Background/Materials/Rio (1) (4).mat using Guid(25a452fa839592245b824055a5e39f3a) Importer(815301076,1909f56bfc062723c751e8b465ee728b)  -> (artifact id: 'b9033ecffe3a6eb1cf9921c9e43d37f7') in 0.097136 seconds
  Import took 0.104071 seconds .

========================================================================
Received Import Request.
  Time since last request: 0.000496 seconds.
  path: Assets/Background/Materials/background tras ceu.mat
  artifactKey: Guid(91b0fb62b7bc68a4abdafe5aa40c4c09) Importer(815301076,1909f56bfc062723c751e8b465ee728b)
Start importing Assets/Background/Materials/background tras ceu.mat using Guid(91b0fb62b7bc68a4abdafe5aa40c4c09) Importer(815301076,1909f56bfc062723c751e8b465ee728b)  -> (artifact id: '6d32f37e46c83b59260c19fa09ca1db1') in 0.325932 seconds
  Import took 0.336461 seconds .

========================================================================
Received Import Request.
  Time since last request: 0.000709 seconds.
  path: Assets/Background/Materials/Rio (1) (2).mat
  artifactKey: Guid(89df7da70158c8f46a409054368d9ff5) Importer(815301076,1909f56bfc062723c751e8b465ee728b)
Start importing Assets/Background/Materials/Rio (1) (2).mat using Guid(89df7da70158c8f46a409054368d9ff5) Importer(815301076,1909f56bfc062723c751e8b465ee728b)  -> (artifact id: '4ef3e8a74493fa1d4a0f828453d56b24') in 0.089697 seconds
  Import took 0.096074 seconds .

========================================================================
Received Import Request.
  Time since last request: 0.000290 seconds.
  path: Assets/Background/Materials/Rio (1) (3).mat
  artifactKey: Guid(d7e879f7dd1f32f4b8a06a3b198aa477) Importer(815301076,1909f56bfc062723c751e8b465ee728b)
Start importing Assets/Background/Materials/Rio (1) (3).mat using Guid(d7e879f7dd1f32f4b8a06a3b198aa477) Importer(815301076,1909f56bfc062723c751e8b465ee728b)  -> (artifact id: '31a151a9db2a177f4440dc9b2ea5e87b') in 0.098063 seconds
  Import took 0.106168 seconds .

AssetImportWorkerClient::OnTransportError - code=2 error=End of file
